0 info it worked if it ends with ok
1 verbose cli [ 'E:\\nodejs\\node.exe',
1 verbose cli   'E:\\nodejs\\node_modules\\npm\\bin\\npm-cli.js',
1 verbose cli   'start' ]
2 info using npm@3.10.10
3 info using node@v6.9.5
4 verbose run-script [ 'prestart', 'start', 'poststart' ]
5 info lifecycle HyblabRouting@1.0.0~prestart: HyblabRouting@1.0.0
6 silly lifecycle HyblabRouting@1.0.0~prestart: no script for prestart, continuing
7 info lifecycle HyblabRouting@1.0.0~start: HyblabRouting@1.0.0
8 verbose lifecycle HyblabRouting@1.0.0~start: unsafe-perm in lifecycle true
9 verbose lifecycle HyblabRouting@1.0.0~start: PATH: E:\nodejs\node_modules\npm\bin\node-gyp-bin;F:\Hyblab\HyblabDDJ2017\node_modules\.bin;C:\Program Files (x86)\NVIDIA Corporation\PhysX\Common;C:\ProgramData\Oracle\Java\javapath;C:\Windows\system32;C:\Windows;C:\Windows\System32\Wbem;C:\Windows\System32\WindowsPowerShell\v1.0\;C:\adb;E:\quicktime\QTSystem\;E:\Skype\Phone\;C:\Windows\system32\config\systemprofile\.dnx\bin;C:\Program Files\Microsoft DNX\Dnvm\;C:\Program Files (x86)\Windows Kits\8.1\Windows Performance Toolkit\;C:\Program Files\Microsoft SQL Server\130\Tools\Binn\;C:\Program Files\Git\bin\;C:\Program Files\Git\mingw64\libexec\git-core\;C:\Program Files\Java\jdk1.8.0_101\bin;C:\Program Files\Java\jdk1.8.0_101\jre\bin;F:\Opencv\opencv3\opencv\build\x64\vc14\bin;E:\Matlab\myMatlab\runtime\win64;E:\Matlab\myMatlab\bin;E:\Matlab\myMatlab\polyspace\bin;E:\MikTex\miktex\bin\x64\;E:\Pandoc\;F:\Opencv\opencv2.4.13\opencv\build\x86\vc14\bin;E:\nodejs\;E:\mysql\mysql-5.7.16-winx64\bin;E:\python\anaconda;E:\python\anaconda\Scripts;E:\python\anaconda\Library\bin;C:\Users\Administrator\AppData\Roaming\npm
10 verbose lifecycle HyblabRouting@1.0.0~start: CWD: F:\Hyblab\HyblabDDJ2017
11 silly lifecycle HyblabRouting@1.0.0~start: Args: [ '/d /s /c', 'node server.js' ]
12 silly lifecycle HyblabRouting@1.0.0~start: Returned: code: 1  signal: null
13 info lifecycle HyblabRouting@1.0.0~start: Failed to exec start script
14 verbose stack Error: HyblabRouting@1.0.0 start: `node server.js`
14 verbose stack Exit status 1
14 verbose stack     at EventEmitter.<anonymous> (E:\nodejs\node_modules\npm\lib\utils\lifecycle.js:255:16)
14 verbose stack     at emitTwo (events.js:106:13)
14 verbose stack     at EventEmitter.emit (events.js:191:7)
14 verbose stack     at ChildProcess.<anonymous> (E:\nodejs\node_modules\npm\lib\utils\spawn.js:40:14)
14 verbose stack     at emitTwo (events.js:106:13)
14 verbose stack     at ChildProcess.emit (events.js:191:7)
14 verbose stack     at maybeClose (internal/child_process.js:877:16)
14 verbose stack     at Process.ChildProcess._handle.onexit (internal/child_process.js:226:5)
15 verbose pkgid HyblabRouting@1.0.0
16 verbose cwd F:\Hyblab\HyblabDDJ2017
17 error Windows_NT 10.0.10240
18 error argv "E:\\nodejs\\node.exe" "E:\\nodejs\\node_modules\\npm\\bin\\npm-cli.js" "start"
19 error node v6.9.5
20 error npm  v3.10.10
21 error code ELIFECYCLE
22 error HyblabRouting@1.0.0 start: `node server.js`
22 error Exit status 1
23 error Failed at the HyblabRouting@1.0.0 start script 'node server.js'.
23 error Make sure you have the latest version of node.js and npm installed.
23 error If you do, this is most likely a problem with the HyblabRouting package,
23 error not with npm itself.
23 error Tell the author that this fails on your system:
23 error     node server.js
23 error You can get information on how to open an issue for this project with:
23 error     npm bugs HyblabRouting
23 error Or if that isn't available, you can get their info via:
23 error     npm owner ls HyblabRouting
23 error There is likely additional logging output above.
24 verbose exit [ 1, true ]
